<?xml version="1.0" encoding="UTF-8"?>
<!-- Generated by org.testng.reporters.JUnitXMLReporter -->
<testsuite ignored="0" hostname="DESKTOP-EGG68CQ" failures="0" tests="2" name="Default test" time="0.106" errors="0" timestamp="2022-03-02T17:35:56 IST">
  <testcase classname="inspiration.TestClassLoginPage" name="@BeforeTest launchTheBrowser" time="-1.646222756285E9">
    <failure type="org.testng.TestNGException" message="
Parameter &amp;apos;browser&amp;apos; is required by BeforeTest on method launchTheBrowser but has not been marked @Optional or defined
in C:\Users\dhananjay\AppData\Local\Temp\testng-eclipse-1809355989\testng-customsuite.xml">
      <![CDATA[org.testng.TestNGException: 
Parameter 'browser' is required by BeforeTest on method launchTheBrowser but has not been marked @Optional or defined
in C:\Users\dhananjay\AppData\Local\Temp\testng-eclipse-1809355989\testng-customsuite.xml
at org.testng.internal.Parameters.createParams(Parameters.java:267)
at org.testng.internal.Parameters.createParametersForMethod(Parameters.java:355)
at org.testng.internal.Parameters.createParameters(Parameters.java:660)
at org.testng.internal.Parameters.createConfigurationParameters(Parameters.java:166)
at org.testng.internal.invokers.ConfigInvoker.invokeConfigurations(ConfigInvoker.java:300)
at org.testng.TestRunner.invokeTestConfigurations(TestRunner.java:645)
at org.testng.TestRunner.beforeRun(TestRunner.java:634)
at org.testng.TestRunner.run(TestRunner.java:596)
at org.testng.SuiteRunner.runTest(SuiteRunner.java:429)
at org.testng.SuiteRunner.runSequentially(SuiteRunner.java:423)
at org.testng.SuiteRunner.privateRun(SuiteRunner.java:383)
at org.testng.SuiteRunner.run(SuiteRunner.java:326)
at org.testng.SuiteRunnerWorker.runSuite(SuiteRunnerWorker.java:52)
at org.testng.SuiteRunnerWorker.run(SuiteRunnerWorker.java:95)
at org.testng.TestNG.runSuitesSequentially(TestNG.java:1249)
at org.testng.TestNG.runSuitesLocally(TestNG.java:1169)
at org.testng.TestNG.runSuites(TestNG.java:1092)
at org.testng.TestNG.run(TestNG.java:1060)
at org.testng.remote.AbstractRemoteTestNG.run(AbstractRemoteTestNG.java:115)
at org.testng.remote.RemoteTestNG.initAndRun(RemoteTestNG.java:251)
at org.testng.remote.RemoteTestNG.main(RemoteTestNG.java:77)
]]>
    </failure>
  </testcase> <!-- @BeforeTest launchTheBrowser -->
  <testcase classname="inspiration.TestClassLoginPage" name="@BeforeClass createObjectOfPOMClasses" time="0.0">
    <skipped/>
  </testcase> <!-- @BeforeClass createObjectOfPOMClasses -->
  <testcase classname="inspiration.TestClassLoginPage" name="@BeforeMethod launchTheApplication" time="0.0">
    <skipped/>
  </testcase> <!-- @BeforeMethod launchTheApplication -->
  <testcase classname="inspiration.TestClassLoginPage" name="@AfterMethod launch" time="0.0">
    <skipped/>
  </testcase> <!-- @AfterMethod launch -->
  <testcase classname="inspiration.TestClassLoginPage" name="@BeforeMethod launchTheApplication" time="0.0">
    <skipped/>
  </testcase> <!-- @BeforeMethod launchTheApplication -->
  <testcase classname="inspiration.TestClassLoginPage" name="@AfterMethod launch" time="0.0">
    <skipped/>
  </testcase> <!-- @AfterMethod launch -->
  <testcase classname="inspiration.TestClassLoginPage" name="@AfterClass clearPOMClassObjectReferences" time="0.0">
    <skipped/>
  </testcase> <!-- @AfterClass clearPOMClassObjectReferences -->
  <testcase classname="inspiration.TestClassLoginPage" name="@AfterTest closeTheBrowser" time="0.0">
    <skipped/>
  </testcase> <!-- @AfterTest closeTheBrowser -->
  <testcase classname="inspiration.TestClassLoginPage" name="verifyForgettenPasswordButton" time="0.0">
    <skipped/>
  </testcase> <!-- verifyForgettenPasswordButton -->
  <testcase classname="inspiration.TestClassLoginPage" name="verifyLoginPage" time="0.001">
    <skipped/>
  </testcase> <!-- verifyLoginPage -->
</testsuite> <!-- Default test -->
